<?xml version="1.0" encoding="UTF-8"?>
<testsuite name="com.zimp.mo.myapplication.ExampleUnitTest" tests="1" skipped="0" failures="0" errors="0" timestamp="2019-12-13T23:03:20" hostname="C02X5E6XJG5J.local" time="0.001">
  <properties/>
  <testcase name="addition_isCorrect" classname="com.zimp.mo.myapplication.ExampleUnitTest" time="0.001"/>
  <system-out><![CDATA[]]></system-out>
  <system-err><![CDATA[]]></system-err>
</testsuite>
